timePicker/build/outputs/logs/manifest-merger-local-report.txt
-- Merging decision tree log ---
manifest
ADDED from src\main\AndroidManifest.xml:2:1-14:12
INJECTED from src\main\AndroidManifest.xml:2:1-14:12
INJECTED from src\main\AndroidManifest.xml:2:1-14:12
INJECTED from src\main\AndroidManifest.xml:2:1-14:12
INJECTED from src\main\AndroidManifest.xml:2:1-14:12
INJECTED from src\main\AndroidManifest.xml:2:1-14:12
INJECTED from src\main\AndroidManifest.xml:2:1-14:12
	package
		ADDED from src\main\AndroidManifest.xml:3:11-54
		INJECTED from src\main\AndroidManifest.xml
		INJECTED from src\main\AndroidManifest.xml
	android:versionName
		INJECTED from src\main\AndroidManifest.xml
		ADDED from src\main\AndroidManifest.xml:2:1-14:12
		INJECTED from src\main\AndroidManifest.xml
	android:versionCode
		INJECTED from src\main\AndroidManifest.xml
		ADDED from src\main\AndroidManifest.xml:2:1-14:12
		INJECTED from src\main\AndroidManifest.xml
	xmlns:android
		ADDED from src\main\AndroidManifest.xml:2:11-69
application
ADDED from src\main\AndroidManifest.xml:5:5-12:19
	android:supportsRtl
		ADDED from src\main\AndroidManifest.xml:8:9-35
	android:label
		ADDED from src\main\AndroidManifest.xml:7:9-41
	android:allowBackup
		ADDED from src\main\AndroidManifest.xml:6:9-35
	android:theme
		ADDED from src\main\AndroidManifest.xml:9:9-40
activity#sino.cargocome.carrier.timepicker.MainActivity
ADDED from src\main\AndroidManifest.xml:10:9-11:20
	android:name
		ADDED from src\main\AndroidManifest.xml:10:19-47
uses-sdk
INJECTED from src\main\AndroidManifest.xml reason: use-sdk injection requested
INJECTED from src\main\AndroidManifest.xml
INJECTED from src\main\AndroidManifest.xml
INJECTED from src\main\AndroidManifest.xml
INJECTED from src\main\AndroidManifest.xml
	android:targetSdkVersion
		INJECTED from src\main\AndroidManifest.xml
		ADDED from src\main\AndroidManifest.xml
		INJECTED from src\main\AndroidManifest.xml
	android:minSdkVersion
		INJECTED from src\main\AndroidManifest.xml
		ADDED from src\main\AndroidManifest.xml
		INJECTED from src\main\AndroidManifest.xml